0 verbose cli D:\all-install\nodejs\node.exe D:\all-install\nodejs\node_global\node_modules\npm\bin\npm-cli.js
1 info using npm@11.3.0
2 info using node@v22.12.0
3 silly config load:file:D:\all-install\nodejs\node_global\node_modules\npm\npmrc
4 silly config load:file:D:\代码\13-自己的项目\read2application\.npmrc
5 silly config load:file:C:\Users\admin\.npmrc
6 silly config load:file:D:\all-install\nodejs\node_global\etc\npmrc
7 verbose title npm init
8 verbose argv "init" "--yes"
9 verbose logfile logs-max:10 dir:D:\代码\13-自己的项目\read2application\.npm-cache\_logs\2026-03-11T04_03_47_395Z-
10 verbose logfile D:\代码\13-自己的项目\read2application\.npm-cache\_logs\2026-03-11T04_03_47_395Z-debug-0.log
11 silly logfile done cleaning log files
12 silly package data {
12 silly package data   name: 'read2application',
12 silly package data   version: '1.0.0',
12 silly package data   description: '',
12 silly package data   main: 'index.js',
12 silly package data   scripts: { test: 'echo "Error: no test specified" && exit 1' },
12 silly package data   keywords: [],
12 silly package data   author: '',
12 silly package data   license: 'ISC',
12 silly package data   type: 'commonjs'
12 silly package data }
13 verbose cwd D:\代码\13-自己的项目\read2application
14 verbose os Windows_NT 10.0.19045
15 verbose node v22.12.0
16 verbose npm  v11.3.0
17 verbose exit 0
18 info ok
