0 verbose cli D:\all-install\nodejs\node.exe D:\all-install\nodejs\node_global\node_modules\npm\bin\npm-cli.js
1 info using npm@11.3.0
2 info using node@v22.12.0
3 silly config load:file:D:\all-install\nodejs\node_global\node_modules\npm\npmrc
4 silly config load:file:D:\代码\13-自己的项目\read2application\.npmrc
5 silly config load:file:C:\Users\admin\.npmrc
6 silly config load:file:D:\all-install\nodejs\node_global\etc\npmrc
7 verbose title npm run dev
8 verbose argv "run" "dev"
9 verbose logfile logs-max:10 dir:D:\代码\13-自己的项目\read2application\.npm-cache\_logs\2026-03-11T08_11_07_227Z-
10 verbose logfile D:\代码\13-自己的项目\read2application\.npm-cache\_logs\2026-03-11T08_11_07_227Z-debug-0.log
11 silly logfile done cleaning log files
12 verbose stack Error: Missing script: "dev"
12 verbose stack
12 verbose stack To see a list of scripts, run:
12 verbose stack   npm run
12 verbose stack     at #run (D:\all-install\nodejs\node_global\node_modules\npm\lib\commands\run-script.js:115:13)
12 verbose stack     at async RunScript.exec (D:\all-install\nodejs\node_global\node_modules\npm\lib\commands\run-script.js:44:7)
12 verbose stack     at async Npm.exec (D:\all-install\nodejs\node_global\node_modules\npm\lib\npm.js:208:9)
12 verbose stack     at async module.exports (D:\all-install\nodejs\node_global\node_modules\npm\lib\cli\entry.js:67:5)
13 error Missing script: "dev"
13 error
13 error To see a list of scripts, run:
13 error   npm run
14 verbose cwd D:\代码\13-自己的项目\read2application
15 verbose os Windows_NT 10.0.19045
16 verbose node v22.12.0
17 verbose npm  v11.3.0
18 verbose exit 1
19 verbose code 1
20 error A complete log of this run can be found in: D:\代码\13-自己的项目\read2application\.npm-cache\_logs\2026-03-11T08_11_07_227Z-debug-0.log
