0 verbose cli D:\all-install\nodejs\node.exe D:\all-install\nodejs\node_global\node_modules\npm\bin\npm-cli.js
1 info using npm@11.3.0
2 info using node@v22.12.0
3 silly config load:file:D:\all-install\nodejs\node_global\node_modules\npm\npmrc
4 silly config load:file:D:\代码\13-自己的项目\read2application\.npmrc
5 silly config load:file:C:\Users\admin\.npmrc
6 silly config load:file:D:\all-install\nodejs\node_global\etc\npmrc
7 verbose title npm exec create-vite@latest frontend --template react-ts
8 verbose argv "exec" "--yes" "--" "create-vite@latest" "frontend" "--template" "react-ts"
9 verbose logfile logs-max:10 dir:D:\代码\13-自己的项目\read2application\packages\.npm-cache\_logs\2026-03-11T04_06_16_351Z-
10 verbose logfile D:\代码\13-自己的项目\read2application\packages\.npm-cache\_logs\2026-03-11T04_06_16_351Z-debug-0.log
11 silly logfile done cleaning log files
12 silly packumentCache heap:4345298944 maxSize:1086324736 maxEntrySize:543162368
13 http fetch GET 200 https://registry.npmmirror.com/create-vite 384ms (cache miss)
14 silly packumentCache heap:4345298944 maxSize:1086324736 maxEntrySize:543162368
15 http fetch GET 200 https://registry.npmmirror.com/npm 470ms
16 silly packumentCache heap:4345298944 maxSize:1086324736 maxEntrySize:543162368
17 silly idealTree buildDeps
18 silly fetch manifest create-vite@8.3.0
19 silly packumentCache full:https://registry.npm.taobao.org/create-vite cache-miss
20 http fetch GET 200 https://registry.npmmirror.com/create-vite 63ms (cache miss)
21 silly packumentCache full:https://registry.npm.taobao.org/create-vite set size:55627 disposed:false
22 silly placeDep ROOT create-vite@8.3.0 OK for:  want: 8.3.0
23 silly reify moves {}
24 silly audit bulk request { 'create-vite': [ '8.3.0' ] }
25 http cache create-vite@https://registry.npmmirror.com/create-vite/-/create-vite-8.3.0.tgz 0ms (cache hit)
26 silly tarball no local data for create-vite@https://registry.npmmirror.com/create-vite/-/create-vite-8.3.0.tgz. Extracting by manifest.
27 http fetch POST 404 https://registry.npmmirror.com/-/npm/v1/security/advisories/bulk 33ms (cache skip)
28 verbose audit error HttpErrorGeneral: 404 Not Found - POST https://registry.npmmirror.com/-/npm/v1/security/advisories/bulk - [NOT_IMPLEMENTED] /-/npm/v1/security/* not implemented yet
28 verbose audit error     at D:\all-install\nodejs\node_global\node_modules\npm\node_modules\npm-registry-fetch\lib\check-response.js:103:15
28 verbose audit error     at process.processTicksAndRejections (node:internal/process/task_queues:105:5)
28 verbose audit error     at async [getReport] (D:\all-install\nodejs\node_global\node_modules\npm\node_modules\@npmcli\arborist\lib\audit-report.js:294:19)
28 verbose audit error     at async AuditReport.run (D:\all-install\nodejs\node_global\node_modules\npm\node_modules\@npmcli\arborist\lib\audit-report.js:106:19) {
28 verbose audit error   headers: [Object: null prototype] {
28 verbose audit error     server: [ 'Tengine' ],
28 verbose audit error     date: [ 'Wed, 11 Mar 2026 04:06:13 GMT' ],
28 verbose audit error     'content-type': [ 'application/json' ],
28 verbose audit error     'transfer-encoding': [ 'chunked' ],
28 verbose audit error     connection: [ 'keep-alive' ],
28 verbose audit error     'strict-transport-security': [ 'max-age=5184000' ],
28 verbose audit error     via: [ 'kunlun20.cn9081[,404666]' ],
28 verbose audit error     'timing-allow-origin': [ '*' ],
28 verbose audit error     eagleid: [ '249c5f5b17732019734865272e' ],
28 verbose audit error     'x-fetch-attempts': [ '1' ],
28 verbose audit error     'x-local-cache-status': [ 'skip' ]
28 verbose audit error   },
28 verbose audit error   statusCode: 404,
28 verbose audit error   code: 'E404',
28 verbose audit error   method: 'POST',
28 verbose audit error   uri: 'https://registry.npmmirror.com/-/npm/v1/security/advisories/bulk',
28 verbose audit error   body: {
28 verbose audit error     error: '[NOT_IMPLEMENTED] /-/npm/v1/security/* not implemented yet'
28 verbose audit error   },
28 verbose audit error   pkgid: undefined
28 verbose audit error }
29 silly audit error [object Object]
30 silly audit report null
31 http fetch GET 200 https://cdn.npmmirror.com/packages/create-vite/8.3.0/create-vite-8.3.0.tgz 301ms (cache miss)
32 verbose cwd D:\代码\13-自己的项目\read2application\packages
33 verbose os Windows_NT 10.0.19045
34 verbose node v22.12.0
35 verbose npm  v11.3.0
36 notice
36 notice New [33mminor[39m version of npm available! [33m11.3.0[39m -> [34m11.11.0[39m
36 notice Changelog: [34mhttps://github.com/npm/cli/releases/tag/v11.11.0[39m
36 notice To update run: [4mnpm install -g npm@11.11.0[24m
36 notice  { force: true, [Symbol(proc-log.meta)]: true }
37 verbose exit 0
38 info ok
